,11/07/18,14:25:21,14:25:32,0:0:11,4097,TP2-L3-G3-20182,E:\Mes Projets\TP2-L3-G3-20182\TP2-L3-G3-20182.WDP
,11/07/18,14:35:58,14:39:05,0:3:7,17,TEST_Comptoir,
,11/07/18,14:50:05,14:52:17,0:2:12,17,TEST_Comptoir,
,11/07/18,14:28:10,14:52:29,0:24:19,2,Comptoir,E:\Mes Projets\TP2-L3-G3-20182\Comptoir.wdw
,11/07/18,14:52:29,14:52:41,0:0:12,2,FEN_Table_Produits,E:\Mes Projets\TP2-L3-G3-20182\FEN_Table_Produits.wdw
,11/07/18,14:52:45,14:54:08,0:1:23,17,TEST_Table_Produits,
,11/07/18,14:52:43,14:54:09,0:1:26,2,FEN_Table_Produits,E:\Mes Projets\TP2-L3-G3-20182\FEN_Table_Produits.wdw
,11/07/18,14:54:10,14:55:30,0:1:20,17,TEST_Comptoir,
,11/07/18,14:54:09,14:55:32,0:1:23,2,Comptoir,E:\Mes Projets\TP2-L3-G3-20182\Comptoir.wdw
,11/07/18,14:55:38,15:02:22,0:6:44,2,FEN_Table_Produits,E:\Mes Projets\TP2-L3-G3-20182\FEN_Table_Produits.wdw
,11/07/18,14:52:40,15:02:22,0:9:42,2,FEN_Fiche_Produits,E:\Mes Projets\TP2-L3-G3-20182\FEN_Fiche_Produits.wdw
,11/07/18,15:02:23,15:03:27,0:1:4,2,Comptoir,E:\Mes Projets\TP2-L3-G3-20182\Comptoir.wdw
,11/07/18,15:27:12,15:27:36,0:0:24,2,Comptoir,E:\Mes Projets\TP2-L3-G3-20182\Comptoir.wdw
,11/07/18,15:27:46,15:27:57,0:0:11,2,Comptoir,E:\Mes Projets\TP2-L3-G3-20182\Comptoir.wdw
,11/07/18,15:38:47,15:40:50,0:2:3,2,Comptoir,E:\Mes Projets\TP2-L3-G3-20182\Comptoir.wdw
,11/14/18,14:17:09,14:20:16,0:3:7,17,TEST_Comptoir,
,11/14/18,14:20:33,14:33:50,0:13:17,17,TEST_Comptoir,
,11/14/18,14:17:05,14:33:52,0:16:47,2,Comptoir,E:\Mes Projets\TP2-L3-G3-20182\Comptoir.wdw
,11/14/18,14:42:22,14:42:33,0:0:11,2,Comptoir,E:\Mes Projets\TP2-L3-G3-20182\Comptoir.wdw
,11/14/18,14:43:02,14:46:28,0:3:26,2,Comptoir,E:\Mes Projets\TP2-L3-G3-20182\Comptoir.wdw
,11/14/18,14:47:35,14:50:56,0:3:21,17,TEST_Comptoir,
,11/14/18,14:46:41,14:52:17,0:5:36,2,Comptoir,E:\Mes Projets\TP2-L3-G3-20182\Comptoir.wdw
,11/14/18,14:52:38,14:52:50,0:0:12,2,Comptoir,E:\Mes Projets\TP2-L3-G3-20182\Comptoir.wdw
,11/14/18,14:54:12,14:54:36,0:0:24,2,Comptoir,E:\Mes Projets\TP2-L3-G3-20182\Comptoir.wdw
,11/14/18,14:57:54,14:58:38,0:0:44,2,Comptoir,E:\Mes Projets\TP2-L3-G3-20182\Comptoir.wdw
,11/14/18,15:08:18,15:10:08,0:1:50,2,Comptoir,E:\Mes Projets\TP2-L3-G3-20182\Comptoir.wdw
,11/14/18,15:10:13,15:10:40,0:0:27,2,Comptoir,E:\Mes Projets\TP2-L3-G3-20182\Comptoir.wdw
,11/14/18,15:10:15,15:29:31,0:19:16,17,TEST_Comptoir,
,11/14/18,15:28:50,15:29:44,0:0:54,2,Comptoir,E:\Mes Projets\TP2-L3-G3-20182\Comptoir.wdw
,11/14/18,14:16:39,16:21:13,2:4:34,2,Comptoir,E:\Mes Projets\TP2-L3-G3-20182\Comptoir.wdw
,11/14/18,15:29:22,16:21:13,0:51:51,7,COL_Procedures_globales_de_Pattern_RAD,E:\Mes Projets\TP2-L3-G3-20182\COL_Procedures_globales_de_Pattern_RAD_1.wdg
,11/21/18,14:16:22,14:17:27,0:1:5,17,TEST_Comptoir,
,11/21/18,14:16:16,14:17:29,0:1:13,2,Comptoir,E:\Mes Projets\TP2-L3-G3-20182\Comptoir.wdw
,11/21/18,14:21:45,14:27:47,0:6:2,2,Comptoir,E:\Mes Projets\TP2-L3-G3-20182\Comptoir.wdw
,11/21/18,14:45:40,14:45:58,0:0:18,5,REQ_Requête1,
,11/21/18,14:46:26,14:52:09,0:5:43,5,REQ_Requête2,
,11/21/18,14:46:23,14:52:18,0:5:55,5,REQ_Requête1,
,11/21/18,14:52:18,14:52:28,0:0:10,2,Comptoir,E:\Mes Projets\TP2-L3-G3-20182\Comptoir.wdw
,11/21/18,14:56:37,14:57:36,0:0:59,2,Comptoir,E:\Mes Projets\TP2-L3-G3-20182\Comptoir.wdw
,11/21/18,14:59:05,14:59:15,0:0:10,2,Comptoir,E:\Mes Projets\TP2-L3-G3-20182\Comptoir.wdw
,11/21/18,14:26:54,15:02:12,0:35:18,17,TEST_Comptoir,
,11/21/18,15:02:18,15:06:06,0:3:48,17,TEST_Comptoir,
,11/21/18,15:20:41,15:23:17,0:2:36,2,Comptoir,E:\Mes Projets\TP2-L3-G3-20182\Comptoir.wdw
,11/21/18,15:20:43,15:25:23,0:4:40,17,TEST_Comptoir,
,11/21/18,14:16:06,21:50:05,7:33:59,2,Comptoir,E:\Mes Projets\TP2-L3-G3-20182\Comptoir.wdw
,12/11/18,08:24:10,08:25:54,0:1:44,2,Comptoir,E:\Mes Projets\TP2-L3-G3-20182\Comptoir.wdw
,12/11/18,08:26:17,08:27:22,0:1:5,17,TEST_Comptoir,
,12/11/18,08:27:48,08:28:07,0:0:19,2,Comptoir,E:\Mes Projets\TP2-L3-G3-20182\Comptoir.wdw
,12/11/18,08:29:02,08:29:34,0:0:32,2,Comptoir,E:\Mes Projets\TP2-L3-G3-20182\Comptoir.wdw
,12/11/18,08:29:58,08:31:19,0:1:21,2,Comptoir,E:\Mes Projets\TP2-L3-G3-20182\Comptoir.wdw
,12/11/18,08:42:41,08:43:26,0:0:45,2,Comptoir,E:\Mes Projets\TP2-L3-G3-20182\Comptoir.wdw
,12/11/18,09:03:08,09:03:27,0:0:19,2,FEN_Fenêtre1,
,12/11/18,08:29:59,09:06:13,0:36:14,17,TEST_Comptoir,
,12/11/18,09:26:09,09:26:37,0:0:28,5,REQ_Requête1,
,12/11/18,09:28:24,09:28:40,0:0:16,2,Comptoir,E:\Mes Projets\TP2-L3-G3-20182\Comptoir.wdw
,12/11/18,09:28:59,09:29:21,0:0:22,2,Comptoir,E:\Mes Projets\TP2-L3-G3-20182\Comptoir.wdw
,12/11/18,09:33:04,09:34:11,0:1:7,17,TEST_Comptoir,
,12/11/18,09:34:36,09:35:09,0:0:33,2,Comptoir,E:\Mes Projets\TP2-L3-G3-20182\Comptoir.wdw
,12/11/18,08:22:37,09:42:40,1:20:3,2,Comptoir,E:\Mes Projets\TP2-L3-G3-20182\Comptoir.wdw
,12/11/18,09:03:08,09:42:40,0:39:32,2,FEN_Fenêtre1,E:\Mes Projets\TP2-L3-G3-20182\FEN_Fenetre1.wdw
,12/11/18,09:22:30,09:42:40,0:20:10,5,REQ_Requête1,E:\Mes Projets\TP2-L3-G3-20182\REQ_Requete1.WDR
